<?xml version="1.0" encoding="UTF-8"?>
<!-- Generated by org.testng.reporters.JUnitReportReporter -->
<testsuite hostname="DESKTOP-DVVGGMB" failures="0" tests="1" name="QA_Bootcamp_Maven.MyApplication.TourPalestine2" time="129.334" errors="0" timestamp="2025-01-31T23:03:12 IST" skipped="0">
  <testcase classname="QA_Bootcamp_Maven.MyApplication.TourPalestine2" name="clickItem" time="129.334"/>
  <system-out/>
</testsuite> <!-- QA_Bootcamp_Maven.MyApplication.TourPalestine2 -->
