<?xml version="1.0" encoding="UTF-8"?>
<!-- Generated by org.testng.reporters.JUnitReportReporter -->
<testsuite hostname="DESKTOP-DVVGGMB" failures="0" tests="2" name="QA_Bootcamp_Maven.MyApplication.MainTest1" time="77.686" errors="0" timestamp="2025-01-27T23:20:00 IST" skipped="0">
  <testcase classname="QA_Bootcamp_Maven.MyApplication.MainTest1" name="clickItem" time="34.036"/>
  <system-out/>
  <testcase classname="QA_Bootcamp_Maven.MyApplication.MainTest1" name="ScrollToText2" time="43.650"/>
  <system-out/>
</testsuite> <!-- QA_Bootcamp_Maven.MyApplication.MainTest1 -->
