<?xml version="1.0" encoding="UTF-8"?>
<!-- Generated by org.testng.reporters.JUnitReportReporter -->
<testsuite hostname="DESKTOP-DVVGGMB" failures="0" tests="1" name="QA_Bootcamp_Maven.MyApplication.MainTestFacebook" time="77.082" errors="0" timestamp="2025-01-31T14:23:48 IST" skipped="0">
  <testcase classname="QA_Bootcamp_Maven.MyApplication.MainTestFacebook" name="clickItem" time="77.082"/>
  <system-out/>
</testsuite> <!-- QA_Bootcamp_Maven.MyApplication.MainTestFacebook -->
